0 info it worked if it ends with ok
1 verbose cli [ 'node', '/home/kiru/.nvm/v0.10.36/bin/npm', 'start' ]
2 info using npm@2.4.1
3 info using node@v0.10.36
4 verbose run-script [ 'prestart', 'start', 'poststart' ]
5 info prestart todo@0.0.0
6 info start todo@0.0.0
7 verbose unsafe-perm in lifecycle true
8 info todo@0.0.0 Failed to exec start script
9 verbose stack Error: todo@0.0.0 start: `node server/app.js`
9 verbose stack Exit status 8
9 verbose stack     at EventEmitter.<anonymous> (/home/kiru/.nvm/v0.10.36/lib/node_modules/npm/lib/utils/lifecycle.js:213:16)
9 verbose stack     at EventEmitter.emit (events.js:98:17)
9 verbose stack     at ChildProcess.<anonymous> (/home/kiru/.nvm/v0.10.36/lib/node_modules/npm/lib/utils/spawn.js:14:12)
9 verbose stack     at ChildProcess.emit (events.js:98:17)
9 verbose stack     at maybeClose (child_process.js:766:16)
9 verbose stack     at Process.ChildProcess._handle.onexit (child_process.js:833:5)
10 verbose pkgid todo@0.0.0
11 verbose cwd /d/repo/project/MEAN-REST
12 error Linux 3.13.0-48-generic
13 error argv "node" "/home/kiru/.nvm/v0.10.36/bin/npm" "start"
14 error node v0.10.36
15 error npm  v2.4.1
16 error code ELIFECYCLE
17 error todo@0.0.0 start: `node server/app.js`
17 error Exit status 8
18 error Failed at the todo@0.0.0 start script 'node server/app.js'.
18 error This is most likely a problem with the todo package,
18 error not with npm itself.
18 error Tell the author that this fails on your system:
18 error     node server/app.js
18 error You can get their info via:
18 error     npm owner ls todo
18 error There is likely additional logging output above.
19 verbose exit [ 1, true ]
